2022-10-03T13:53:52+00:00 CRITICAL Uncaught Error: Failed opening required 'C:\xampp\htdocs\echo-shop\wp-content\plugins\facebook-for-woocommerce/vendor/skyverge/wc-plugin-framework/woocommerce/class-sv-wc-plugin.php' (include_path='C:\xampp\php\PEAR') in C:\xampp\htdocs\echo-shop\wp-content\plugins\facebook-for-woocommerce\facebook-for-woocommerce.php:142
Stack trace:
#0 C:\xampp\htdocs\echo-shop\wp-content\plugins\facebook-for-woocommerce\facebook-for-woocommerce.php(123): WC_Facebook_Loader->load_framework()
#1 C:\xampp\htdocs\echo-shop\wp-includes\class-wp-hook.php(307): WC_Facebook_Loader->init_plugin('')
#2 C:\xampp\htdocs\echo-shop\wp-includes\class-wp-hook.php(331): WP_Hook->apply_filters(NULL, Array)
#3 C:\xampp\htdocs\echo-shop\wp-includes\plugin.php(476): WP_Hook->do_action(Array)
#4 C:\xampp\htdocs\echo-shop\wp-settings.php(461): do_action('plugins_loaded')
#5 C:\xampp\htdocs\echo-shop\wp-config.php(96): require_once('C:\\xampp\\htdocs...')
#6 C:\xampp\htdocs\echo-shop\wp-load.php(50): require_once('C:\\xampp\\htdocs...')
#7 C:\xampp\htdocs\echo-shop\wp-admin\admin-ajax.php(22): require_once('C:\\xampp\\htdocs...')
#8 {main}
  thrown in C:\xampp\htdocs\echo-shop\wp-content\plugins\facebook-for-woocommerce\facebook-for-woocommerce.php on line 142

2022-10-03T13:54:08+00:00 CRITICAL Uncaught Error: Failed opening required 'C:\xampp\htdocs\echo-shop\wp-content\plugins\facebook-for-woocommerce/vendor/skyverge/wc-plugin-framework/woocommerce/class-sv-wc-plugin.php' (include_path='C:\xampp\php\PEAR') in C:\xampp\htdocs\echo-shop\wp-content\plugins\facebook-for-woocommerce\facebook-for-woocommerce.php:142
Stack trace:
#0 C:\xampp\htdocs\echo-shop\wp-content\plugins\facebook-for-woocommerce\facebook-for-woocommerce.php(123): WC_Facebook_Loader->load_framework()
#1 C:\xampp\htdocs\echo-shop\wp-includes\class-wp-hook.php(307): WC_Facebook_Loader->init_plugin('')
#2 C:\xampp\htdocs\echo-shop\wp-includes\class-wp-hook.php(331): WP_Hook->apply_filters(NULL, Array)
#3 C:\xampp\htdocs\echo-shop\wp-includes\plugin.php(476): WP_Hook->do_action(Array)
#4 C:\xampp\htdocs\echo-shop\wp-settings.php(461): do_action('plugins_loaded')
#5 C:\xampp\htdocs\echo-shop\wp-config.php(96): require_once('C:\\xampp\\htdocs...')
#6 C:\xampp\htdocs\echo-shop\wp-load.php(50): require_once('C:\\xampp\\htdocs...')
#7 C:\xampp\htdocs\echo-shop\wp-blog-header.php(13): require_once('C:\\xampp\\htdocs...')
#8 C:\xampp\htdocs\echo-shop\index.php(17): require('C:\\xampp\\htdocs...')
#9 {main}
  thrown in C:\xampp\htdocs\echo-shop\wp-content\plugins\facebook-for-woocommerce\facebook-for-woocommerce.php on line 142

2022-10-03T13:54:11+00:00 CRITICAL Uncaught Error: Failed opening required 'C:\xampp\htdocs\echo-shop\wp-content\plugins\facebook-for-woocommerce/vendor/skyverge/wc-plugin-framework/woocommerce/class-sv-wc-plugin.php' (include_path='C:\xampp\php\PEAR') in C:\xampp\htdocs\echo-shop\wp-content\plugins\facebook-for-woocommerce\facebook-for-woocommerce.php:142
Stack trace:
#0 C:\xampp\htdocs\echo-shop\wp-content\plugins\facebook-for-woocommerce\facebook-for-woocommerce.php(123): WC_Facebook_Loader->load_framework()
#1 C:\xampp\htdocs\echo-shop\wp-includes\class-wp-hook.php(307): WC_Facebook_Loader->init_plugin('')
#2 C:\xampp\htdocs\echo-shop\wp-includes\class-wp-hook.php(331): WP_Hook->apply_filters(NULL, Array)
#3 C:\xampp\htdocs\echo-shop\wp-includes\plugin.php(476): WP_Hook->do_action(Array)
#4 C:\xampp\htdocs\echo-shop\wp-settings.php(461): do_action('plugins_loaded')
#5 C:\xampp\htdocs\echo-shop\wp-config.php(96): require_once('C:\\xampp\\htdocs...')
#6 C:\xampp\htdocs\echo-shop\wp-load.php(50): require_once('C:\\xampp\\htdocs...')
#7 C:\xampp\htdocs\echo-shop\wp-blog-header.php(13): require_once('C:\\xampp\\htdocs...')
#8 C:\xampp\htdocs\echo-shop\index.php(17): require('C:\\xampp\\htdocs...')
#9 {main}
  thrown in C:\xampp\htdocs\echo-shop\wp-content\plugins\facebook-for-woocommerce\facebook-for-woocommerce.php on line 142

2022-10-03T13:54:14+00:00 CRITICAL Uncaught Error: Failed opening required 'C:\xampp\htdocs\echo-shop\wp-content\plugins\facebook-for-woocommerce/vendor/skyverge/wc-plugin-framework/woocommerce/class-sv-wc-plugin.php' (include_path='C:\xampp\php\PEAR') in C:\xampp\htdocs\echo-shop\wp-content\plugins\facebook-for-woocommerce\facebook-for-woocommerce.php:142
Stack trace:
#0 C:\xampp\htdocs\echo-shop\wp-content\plugins\facebook-for-woocommerce\facebook-for-woocommerce.php(123): WC_Facebook_Loader->load_framework()
#1 C:\xampp\htdocs\echo-shop\wp-includes\class-wp-hook.php(307): WC_Facebook_Loader->init_plugin('')
#2 C:\xampp\htdocs\echo-shop\wp-includes\class-wp-hook.php(331): WP_Hook->apply_filters(NULL, Array)
#3 C:\xampp\htdocs\echo-shop\wp-includes\plugin.php(476): WP_Hook->do_action(Array)
#4 C:\xampp\htdocs\echo-shop\wp-settings.php(461): do_action('plugins_loaded')
#5 C:\xampp\htdocs\echo-shop\wp-config.php(96): require_once('C:\\xampp\\htdocs...')
#6 C:\xampp\htdocs\echo-shop\wp-load.php(50): require_once('C:\\xampp\\htdocs...')
#7 C:\xampp\htdocs\echo-shop\wp-blog-header.php(13): require_once('C:\\xampp\\htdocs...')
#8 C:\xampp\htdocs\echo-shop\index.php(17): require('C:\\xampp\\htdocs...')
#9 {main}
  thrown in C:\xampp\htdocs\echo-shop\wp-content\plugins\facebook-for-woocommerce\facebook-for-woocommerce.php on line 142

2022-10-03T13:54:15+00:00 CRITICAL Uncaught Error: Failed opening required 'C:\xampp\htdocs\echo-shop\wp-content\plugins\facebook-for-woocommerce/vendor/skyverge/wc-plugin-framework/woocommerce/class-sv-wc-plugin.php' (include_path='C:\xampp\php\PEAR') in C:\xampp\htdocs\echo-shop\wp-content\plugins\facebook-for-woocommerce\facebook-for-woocommerce.php:142
Stack trace:
#0 C:\xampp\htdocs\echo-shop\wp-content\plugins\facebook-for-woocommerce\facebook-for-woocommerce.php(123): WC_Facebook_Loader->load_framework()
#1 C:\xampp\htdocs\echo-shop\wp-includes\class-wp-hook.php(307): WC_Facebook_Loader->init_plugin('')
#2 C:\xampp\htdocs\echo-shop\wp-includes\class-wp-hook.php(331): WP_Hook->apply_filters(NULL, Array)
#3 C:\xampp\htdocs\echo-shop\wp-includes\plugin.php(476): WP_Hook->do_action(Array)
#4 C:\xampp\htdocs\echo-shop\wp-settings.php(461): do_action('plugins_loaded')
#5 C:\xampp\htdocs\echo-shop\wp-config.php(96): require_once('C:\\xampp\\htdocs...')
#6 C:\xampp\htdocs\echo-shop\wp-load.php(50): require_once('C:\\xampp\\htdocs...')
#7 C:\xampp\htdocs\echo-shop\wp-blog-header.php(13): require_once('C:\\xampp\\htdocs...')
#8 C:\xampp\htdocs\echo-shop\index.php(17): require('C:\\xampp\\htdocs...')
#9 {main}
  thrown in C:\xampp\htdocs\echo-shop\wp-content\plugins\facebook-for-woocommerce\facebook-for-woocommerce.php on line 142

2022-10-03T13:54:16+00:00 CRITICAL Uncaught Error: Failed opening required 'C:\xampp\htdocs\echo-shop\wp-content\plugins\facebook-for-woocommerce/vendor/skyverge/wc-plugin-framework/woocommerce/class-sv-wc-plugin.php' (include_path='C:\xampp\php\PEAR') in C:\xampp\htdocs\echo-shop\wp-content\plugins\facebook-for-woocommerce\facebook-for-woocommerce.php:142
Stack trace:
#0 C:\xampp\htdocs\echo-shop\wp-content\plugins\facebook-for-woocommerce\facebook-for-woocommerce.php(123): WC_Facebook_Loader->load_framework()
#1 C:\xampp\htdocs\echo-shop\wp-includes\class-wp-hook.php(307): WC_Facebook_Loader->init_plugin('')
#2 C:\xampp\htdocs\echo-shop\wp-includes\class-wp-hook.php(331): WP_Hook->apply_filters(NULL, Array)
#3 C:\xampp\htdocs\echo-shop\wp-includes\plugin.php(476): WP_Hook->do_action(Array)
#4 C:\xampp\htdocs\echo-shop\wp-settings.php(461): do_action('plugins_loaded')
#5 C:\xampp\htdocs\echo-shop\wp-config.php(96): require_once('C:\\xampp\\htdocs...')
#6 C:\xampp\htdocs\echo-shop\wp-load.php(50): require_once('C:\\xampp\\htdocs...')
#7 C:\xampp\htdocs\echo-shop\wp-blog-header.php(13): require_once('C:\\xampp\\htdocs...')
#8 C:\xampp\htdocs\echo-shop\index.php(17): require('C:\\xampp\\htdocs...')
#9 {main}
  thrown in C:\xampp\htdocs\echo-shop\wp-content\plugins\facebook-for-woocommerce\facebook-for-woocommerce.php on line 142

2022-10-03T13:54:35+00:00 CRITICAL Uncaught Error: Failed opening required 'C:\xampp\htdocs\echo-shop\wp-content\plugins\facebook-for-woocommerce/vendor/skyverge/wc-plugin-framework/woocommerce/class-sv-wc-plugin.php' (include_path='C:\xampp\php\PEAR') in C:\xampp\htdocs\echo-shop\wp-content\plugins\facebook-for-woocommerce\facebook-for-woocommerce.php:142
Stack trace:
#0 C:\xampp\htdocs\echo-shop\wp-content\plugins\facebook-for-woocommerce\facebook-for-woocommerce.php(123): WC_Facebook_Loader->load_framework()
#1 C:\xampp\htdocs\echo-shop\wp-includes\class-wp-hook.php(307): WC_Facebook_Loader->init_plugin('')
#2 C:\xampp\htdocs\echo-shop\wp-includes\class-wp-hook.php(331): WP_Hook->apply_filters(NULL, Array)
#3 C:\xampp\htdocs\echo-shop\wp-includes\plugin.php(476): WP_Hook->do_action(Array)
#4 C:\xampp\htdocs\echo-shop\wp-settings.php(461): do_action('plugins_loaded')
#5 C:\xampp\htdocs\echo-shop\wp-config.php(96): require_once('C:\\xampp\\htdocs...')
#6 C:\xampp\htdocs\echo-shop\wp-load.php(50): require_once('C:\\xampp\\htdocs...')
#7 C:\xampp\htdocs\echo-shop\wp-blog-header.php(13): require_once('C:\\xampp\\htdocs...')
#8 C:\xampp\htdocs\echo-shop\index.php(17): require('C:\\xampp\\htdocs...')
#9 {main}
  thrown in C:\xampp\htdocs\echo-shop\wp-content\plugins\facebook-for-woocommerce\facebook-for-woocommerce.php on line 142

2022-10-03T13:54:41+00:00 CRITICAL Uncaught Error: Failed opening required 'C:\xampp\htdocs\echo-shop\wp-content\plugins\facebook-for-woocommerce/vendor/skyverge/wc-plugin-framework/woocommerce/class-sv-wc-plugin.php' (include_path='C:\xampp\php\PEAR') in C:\xampp\htdocs\echo-shop\wp-content\plugins\facebook-for-woocommerce\facebook-for-woocommerce.php:142
Stack trace:
#0 C:\xampp\htdocs\echo-shop\wp-content\plugins\facebook-for-woocommerce\facebook-for-woocommerce.php(123): WC_Facebook_Loader->load_framework()
#1 C:\xampp\htdocs\echo-shop\wp-includes\class-wp-hook.php(307): WC_Facebook_Loader->init_plugin('')
#2 C:\xampp\htdocs\echo-shop\wp-includes\class-wp-hook.php(331): WP_Hook->apply_filters(NULL, Array)
#3 C:\xampp\htdocs\echo-shop\wp-includes\plugin.php(476): WP_Hook->do_action(Array)
#4 C:\xampp\htdocs\echo-shop\wp-settings.php(461): do_action('plugins_loaded')
#5 C:\xampp\htdocs\echo-shop\wp-config.php(96): require_once('C:\\xampp\\htdocs...')
#6 C:\xampp\htdocs\echo-shop\wp-load.php(50): require_once('C:\\xampp\\htdocs...')
#7 C:\xampp\htdocs\echo-shop\wp-blog-header.php(13): require_once('C:\\xampp\\htdocs...')
#8 C:\xampp\htdocs\echo-shop\index.php(17): require('C:\\xampp\\htdocs...')
#9 {main}
  thrown in C:\xampp\htdocs\echo-shop\wp-content\plugins\facebook-for-woocommerce\facebook-for-woocommerce.php on line 142

2022-10-03T13:54:52+00:00 CRITICAL Uncaught Error: Failed opening required 'C:\xampp\htdocs\echo-shop\wp-content\plugins\facebook-for-woocommerce/vendor/skyverge/wc-plugin-framework/woocommerce/class-sv-wc-plugin.php' (include_path='C:\xampp\php\PEAR') in C:\xampp\htdocs\echo-shop\wp-content\plugins\facebook-for-woocommerce\facebook-for-woocommerce.php:142
Stack trace:
#0 C:\xampp\htdocs\echo-shop\wp-content\plugins\facebook-for-woocommerce\facebook-for-woocommerce.php(123): WC_Facebook_Loader->load_framework()
#1 C:\xampp\htdocs\echo-shop\wp-includes\class-wp-hook.php(307): WC_Facebook_Loader->init_plugin('')
#2 C:\xampp\htdocs\echo-shop\wp-includes\class-wp-hook.php(331): WP_Hook->apply_filters(NULL, Array)
#3 C:\xampp\htdocs\echo-shop\wp-includes\plugin.php(476): WP_Hook->do_action(Array)
#4 C:\xampp\htdocs\echo-shop\wp-settings.php(461): do_action('plugins_loaded')
#5 C:\xampp\htdocs\echo-shop\wp-config.php(96): require_once('C:\\xampp\\htdocs...')
#6 C:\xampp\htdocs\echo-shop\wp-load.php(50): require_once('C:\\xampp\\htdocs...')
#7 C:\xampp\htdocs\echo-shop\wp-admin\admin-ajax.php(22): require_once('C:\\xampp\\htdocs...')
#8 {main}
  thrown in C:\xampp\htdocs\echo-shop\wp-content\plugins\facebook-for-woocommerce\facebook-for-woocommerce.php on line 142

2022-10-03T13:54:58+00:00 CRITICAL Uncaught Error: Failed opening required 'C:\xampp\htdocs\echo-shop\wp-content\plugins\facebook-for-woocommerce/vendor/skyverge/wc-plugin-framework/woocommerce/class-sv-wc-plugin.php' (include_path='C:\xampp\php\PEAR') in C:\xampp\htdocs\echo-shop\wp-content\plugins\facebook-for-woocommerce\facebook-for-woocommerce.php:142
Stack trace:
#0 C:\xampp\htdocs\echo-shop\wp-content\plugins\facebook-for-woocommerce\facebook-for-woocommerce.php(123): WC_Facebook_Loader->load_framework()
#1 C:\xampp\htdocs\echo-shop\wp-includes\class-wp-hook.php(307): WC_Facebook_Loader->init_plugin('')
#2 C:\xampp\htdocs\echo-shop\wp-includes\class-wp-hook.php(331): WP_Hook->apply_filters(NULL, Array)
#3 C:\xampp\htdocs\echo-shop\wp-includes\plugin.php(476): WP_Hook->do_action(Array)
#4 C:\xampp\htdocs\echo-shop\wp-settings.php(461): do_action('plugins_loaded')
#5 C:\xampp\htdocs\echo-shop\wp-config.php(96): require_once('C:\\xampp\\htdocs...')
#6 C:\xampp\htdocs\echo-shop\wp-load.php(50): require_once('C:\\xampp\\htdocs...')
#7 C:\xampp\htdocs\echo-shop\wp-blog-header.php(13): require_once('C:\\xampp\\htdocs...')
#8 C:\xampp\htdocs\echo-shop\index.php(17): require('C:\\xampp\\htdocs...')
#9 {main}
  thrown in C:\xampp\htdocs\echo-shop\wp-content\plugins\facebook-for-woocommerce\facebook-for-woocommerce.php on line 142

2022-10-03T13:55:01+00:00 CRITICAL Uncaught Error: Failed opening required 'C:\xampp\htdocs\echo-shop\wp-content\plugins\facebook-for-woocommerce/vendor/skyverge/wc-plugin-framework/woocommerce/class-sv-wc-plugin.php' (include_path='C:\xampp\php\PEAR') in C:\xampp\htdocs\echo-shop\wp-content\plugins\facebook-for-woocommerce\facebook-for-woocommerce.php:142
Stack trace:
#0 C:\xampp\htdocs\echo-shop\wp-content\plugins\facebook-for-woocommerce\facebook-for-woocommerce.php(123): WC_Facebook_Loader->load_framework()
#1 C:\xampp\htdocs\echo-shop\wp-includes\class-wp-hook.php(307): WC_Facebook_Loader->init_plugin('')
#2 C:\xampp\htdocs\echo-shop\wp-includes\class-wp-hook.php(331): WP_Hook->apply_filters(NULL, Array)
#3 C:\xampp\htdocs\echo-shop\wp-includes\plugin.php(476): WP_Hook->do_action(Array)
#4 C:\xampp\htdocs\echo-shop\wp-settings.php(461): do_action('plugins_loaded')
#5 C:\xampp\htdocs\echo-shop\wp-config.php(96): require_once('C:\\xampp\\htdocs...')
#6 C:\xampp\htdocs\echo-shop\wp-load.php(50): require_once('C:\\xampp\\htdocs...')
#7 C:\xampp\htdocs\echo-shop\wp-blog-header.php(13): require_once('C:\\xampp\\htdocs...')
#8 C:\xampp\htdocs\echo-shop\index.php(17): require('C:\\xampp\\htdocs...')
#9 {main}
  thrown in C:\xampp\htdocs\echo-shop\wp-content\plugins\facebook-for-woocommerce\facebook-for-woocommerce.php on line 142

2022-10-03T13:55:02+00:00 CRITICAL Uncaught Error: Failed opening required 'C:\xampp\htdocs\echo-shop\wp-content\plugins\facebook-for-woocommerce/vendor/skyverge/wc-plugin-framework/woocommerce/class-sv-wc-plugin.php' (include_path='C:\xampp\php\PEAR') in C:\xampp\htdocs\echo-shop\wp-content\plugins\facebook-for-woocommerce\facebook-for-woocommerce.php:142
Stack trace:
#0 C:\xampp\htdocs\echo-shop\wp-content\plugins\facebook-for-woocommerce\facebook-for-woocommerce.php(123): WC_Facebook_Loader->load_framework()
#1 C:\xampp\htdocs\echo-shop\wp-includes\class-wp-hook.php(307): WC_Facebook_Loader->init_plugin('')
#2 C:\xampp\htdocs\echo-shop\wp-includes\class-wp-hook.php(331): WP_Hook->apply_filters(NULL, Array)
#3 C:\xampp\htdocs\echo-shop\wp-includes\plugin.php(476): WP_Hook->do_action(Array)
#4 C:\xampp\htdocs\echo-shop\wp-settings.php(461): do_action('plugins_loaded')
#5 C:\xampp\htdocs\echo-shop\wp-config.php(96): require_once('C:\\xampp\\htdocs...')
#6 C:\xampp\htdocs\echo-shop\wp-load.php(50): require_once('C:\\xampp\\htdocs...')
#7 C:\xampp\htdocs\echo-shop\wp-blog-header.php(13): require_once('C:\\xampp\\htdocs...')
#8 C:\xampp\htdocs\echo-shop\index.php(17): require('C:\\xampp\\htdocs...')
#9 {main}
  thrown in C:\xampp\htdocs\echo-shop\wp-content\plugins\facebook-for-woocommerce\facebook-for-woocommerce.php on line 142

2022-10-03T13:55:03+00:00 CRITICAL Uncaught Error: Failed opening required 'C:\xampp\htdocs\echo-shop\wp-content\plugins\facebook-for-woocommerce/vendor/skyverge/wc-plugin-framework/woocommerce/class-sv-wc-plugin.php' (include_path='C:\xampp\php\PEAR') in C:\xampp\htdocs\echo-shop\wp-content\plugins\facebook-for-woocommerce\facebook-for-woocommerce.php:142
Stack trace:
#0 C:\xampp\htdocs\echo-shop\wp-content\plugins\facebook-for-woocommerce\facebook-for-woocommerce.php(123): WC_Facebook_Loader->load_framework()
#1 C:\xampp\htdocs\echo-shop\wp-includes\class-wp-hook.php(307): WC_Facebook_Loader->init_plugin('')
#2 C:\xampp\htdocs\echo-shop\wp-includes\class-wp-hook.php(331): WP_Hook->apply_filters(NULL, Array)
#3 C:\xampp\htdocs\echo-shop\wp-includes\plugin.php(476): WP_Hook->do_action(Array)
#4 C:\xampp\htdocs\echo-shop\wp-settings.php(461): do_action('plugins_loaded')
#5 C:\xampp\htdocs\echo-shop\wp-config.php(96): require_once('C:\\xampp\\htdocs...')
#6 C:\xampp\htdocs\echo-shop\wp-load.php(50): require_once('C:\\xampp\\htdocs...')
#7 C:\xampp\htdocs\echo-shop\wp-blog-header.php(13): require_once('C:\\xampp\\htdocs...')
#8 C:\xampp\htdocs\echo-shop\index.php(17): require('C:\\xampp\\htdocs...')
#9 {main}
  thrown in C:\xampp\htdocs\echo-shop\wp-content\plugins\facebook-for-woocommerce\facebook-for-woocommerce.php on line 142

2022-10-03T13:55:03+00:00 CRITICAL Uncaught Error: Failed opening required 'C:\xampp\htdocs\echo-shop\wp-content\plugins\facebook-for-woocommerce/vendor/skyverge/wc-plugin-framework/woocommerce/class-sv-wc-plugin.php' (include_path='C:\xampp\php\PEAR') in C:\xampp\htdocs\echo-shop\wp-content\plugins\facebook-for-woocommerce\facebook-for-woocommerce.php:142
Stack trace:
#0 C:\xampp\htdocs\echo-shop\wp-content\plugins\facebook-for-woocommerce\facebook-for-woocommerce.php(123): WC_Facebook_Loader->load_framework()
#1 C:\xampp\htdocs\echo-shop\wp-includes\class-wp-hook.php(307): WC_Facebook_Loader->init_plugin('')
#2 C:\xampp\htdocs\echo-shop\wp-includes\class-wp-hook.php(331): WP_Hook->apply_filters(NULL, Array)
#3 C:\xampp\htdocs\echo-shop\wp-includes\plugin.php(476): WP_Hook->do_action(Array)
#4 C:\xampp\htdocs\echo-shop\wp-settings.php(461): do_action('plugins_loaded')
#5 C:\xampp\htdocs\echo-shop\wp-config.php(96): require_once('C:\\xampp\\htdocs...')
#6 C:\xampp\htdocs\echo-shop\wp-load.php(50): require_once('C:\\xampp\\htdocs...')
#7 C:\xampp\htdocs\echo-shop\wp-blog-header.php(13): require_once('C:\\xampp\\htdocs...')
#8 C:\xampp\htdocs\echo-shop\index.php(17): require('C:\\xampp\\htdocs...')
#9 {main}
  thrown in C:\xampp\htdocs\echo-shop\wp-content\plugins\facebook-for-woocommerce\facebook-for-woocommerce.php on line 142

2022-10-03T13:55:03+00:00 CRITICAL Uncaught Error: Failed opening required 'C:\xampp\htdocs\echo-shop\wp-content\plugins\facebook-for-woocommerce/vendor/skyverge/wc-plugin-framework/woocommerce/class-sv-wc-plugin.php' (include_path='C:\xampp\php\PEAR') in C:\xampp\htdocs\echo-shop\wp-content\plugins\facebook-for-woocommerce\facebook-for-woocommerce.php:142
Stack trace:
#0 C:\xampp\htdocs\echo-shop\wp-content\plugins\facebook-for-woocommerce\facebook-for-woocommerce.php(123): WC_Facebook_Loader->load_framework()
#1 C:\xampp\htdocs\echo-shop\wp-includes\class-wp-hook.php(307): WC_Facebook_Loader->init_plugin('')
#2 C:\xampp\htdocs\echo-shop\wp-includes\class-wp-hook.php(331): WP_Hook->apply_filters(NULL, Array)
#3 C:\xampp\htdocs\echo-shop\wp-includes\plugin.php(476): WP_Hook->do_action(Array)
#4 C:\xampp\htdocs\echo-shop\wp-settings.php(461): do_action('plugins_loaded')
#5 C:\xampp\htdocs\echo-shop\wp-config.php(96): require_once('C:\\xampp\\htdocs...')
#6 C:\xampp\htdocs\echo-shop\wp-load.php(50): require_once('C:\\xampp\\htdocs...')
#7 C:\xampp\htdocs\echo-shop\wp-blog-header.php(13): require_once('C:\\xampp\\htdocs...')
#8 C:\xampp\htdocs\echo-shop\index.php(17): require('C:\\xampp\\htdocs...')
#9 {main}
  thrown in C:\xampp\htdocs\echo-shop\wp-content\plugins\facebook-for-woocommerce\facebook-for-woocommerce.php on line 142

2022-10-03T13:55:08+00:00 CRITICAL Uncaught Error: Failed opening required 'C:\xampp\htdocs\echo-shop\wp-content\plugins\facebook-for-woocommerce/vendor/skyverge/wc-plugin-framework/woocommerce/class-sv-wc-plugin.php' (include_path='C:\xampp\php\PEAR') in C:\xampp\htdocs\echo-shop\wp-content\plugins\facebook-for-woocommerce\facebook-for-woocommerce.php:142
Stack trace:
#0 C:\xampp\htdocs\echo-shop\wp-content\plugins\facebook-for-woocommerce\facebook-for-woocommerce.php(123): WC_Facebook_Loader->load_framework()
#1 C:\xampp\htdocs\echo-shop\wp-includes\class-wp-hook.php(307): WC_Facebook_Loader->init_plugin('')
#2 C:\xampp\htdocs\echo-shop\wp-includes\class-wp-hook.php(331): WP_Hook->apply_filters(NULL, Array)
#3 C:\xampp\htdocs\echo-shop\wp-includes\plugin.php(476): WP_Hook->do_action(Array)
#4 C:\xampp\htdocs\echo-shop\wp-settings.php(461): do_action('plugins_loaded')
#5 C:\xampp\htdocs\echo-shop\wp-config.php(96): require_once('C:\\xampp\\htdocs...')
#6 C:\xampp\htdocs\echo-shop\wp-load.php(50): require_once('C:\\xampp\\htdocs...')
#7 C:\xampp\htdocs\echo-shop\wp-blog-header.php(13): require_once('C:\\xampp\\htdocs...')
#8 C:\xampp\htdocs\echo-shop\index.php(17): require('C:\\xampp\\htdocs...')
#9 {main}
  thrown in C:\xampp\htdocs\echo-shop\wp-content\plugins\facebook-for-woocommerce\facebook-for-woocommerce.php on line 142

2022-10-03T13:55:10+00:00 CRITICAL Uncaught Error: Failed opening required 'C:\xampp\htdocs\echo-shop\wp-content\plugins\facebook-for-woocommerce/vendor/skyverge/wc-plugin-framework/woocommerce/class-sv-wc-plugin.php' (include_path='C:\xampp\php\PEAR') in C:\xampp\htdocs\echo-shop\wp-content\plugins\facebook-for-woocommerce\facebook-for-woocommerce.php:142
Stack trace:
#0 C:\xampp\htdocs\echo-shop\wp-content\plugins\facebook-for-woocommerce\facebook-for-woocommerce.php(123): WC_Facebook_Loader->load_framework()
#1 C:\xampp\htdocs\echo-shop\wp-includes\class-wp-hook.php(307): WC_Facebook_Loader->init_plugin('')
#2 C:\xampp\htdocs\echo-shop\wp-includes\class-wp-hook.php(331): WP_Hook->apply_filters(NULL, Array)
#3 C:\xampp\htdocs\echo-shop\wp-includes\plugin.php(476): WP_Hook->do_action(Array)
#4 C:\xampp\htdocs\echo-shop\wp-settings.php(461): do_action('plugins_loaded')
#5 C:\xampp\htdocs\echo-shop\wp-config.php(96): require_once('C:\\xampp\\htdocs...')
#6 C:\xampp\htdocs\echo-shop\wp-load.php(50): require_once('C:\\xampp\\htdocs...')
#7 C:\xampp\htdocs\echo-shop\wp-blog-header.php(13): require_once('C:\\xampp\\htdocs...')
#8 C:\xampp\htdocs\echo-shop\index.php(17): require('C:\\xampp\\htdocs...')
#9 {main}
  thrown in C:\xampp\htdocs\echo-shop\wp-content\plugins\facebook-for-woocommerce\facebook-for-woocommerce.php on line 142

2022-10-03T13:55:10+00:00 CRITICAL Uncaught Error: Failed opening required 'C:\xampp\htdocs\echo-shop\wp-content\plugins\facebook-for-woocommerce/vendor/skyverge/wc-plugin-framework/woocommerce/class-sv-wc-plugin.php' (include_path='C:\xampp\php\PEAR') in C:\xampp\htdocs\echo-shop\wp-content\plugins\facebook-for-woocommerce\facebook-for-woocommerce.php:142
Stack trace:
#0 C:\xampp\htdocs\echo-shop\wp-content\plugins\facebook-for-woocommerce\facebook-for-woocommerce.php(123): WC_Facebook_Loader->load_framework()
#1 C:\xampp\htdocs\echo-shop\wp-includes\class-wp-hook.php(307): WC_Facebook_Loader->init_plugin('')
#2 C:\xampp\htdocs\echo-shop\wp-includes\class-wp-hook.php(331): WP_Hook->apply_filters(NULL, Array)
#3 C:\xampp\htdocs\echo-shop\wp-includes\plugin.php(476): WP_Hook->do_action(Array)
#4 C:\xampp\htdocs\echo-shop\wp-settings.php(461): do_action('plugins_loaded')
#5 C:\xampp\htdocs\echo-shop\wp-config.php(96): require_once('C:\\xampp\\htdocs...')
#6 C:\xampp\htdocs\echo-shop\wp-load.php(50): require_once('C:\\xampp\\htdocs...')
#7 C:\xampp\htdocs\echo-shop\wp-blog-header.php(13): require_once('C:\\xampp\\htdocs...')
#8 C:\xampp\htdocs\echo-shop\index.php(17): require('C:\\xampp\\htdocs...')
#9 {main}
  thrown in C:\xampp\htdocs\echo-shop\wp-content\plugins\facebook-for-woocommerce\facebook-for-woocommerce.php on line 142

2022-10-03T13:55:11+00:00 CRITICAL Uncaught Error: Failed opening required 'C:\xampp\htdocs\echo-shop\wp-content\plugins\facebook-for-woocommerce/vendor/skyverge/wc-plugin-framework/woocommerce/class-sv-wc-plugin.php' (include_path='C:\xampp\php\PEAR') in C:\xampp\htdocs\echo-shop\wp-content\plugins\facebook-for-woocommerce\facebook-for-woocommerce.php:142
Stack trace:
#0 C:\xampp\htdocs\echo-shop\wp-content\plugins\facebook-for-woocommerce\facebook-for-woocommerce.php(123): WC_Facebook_Loader->load_framework()
#1 C:\xampp\htdocs\echo-shop\wp-includes\class-wp-hook.php(307): WC_Facebook_Loader->init_plugin('')
#2 C:\xampp\htdocs\echo-shop\wp-includes\class-wp-hook.php(331): WP_Hook->apply_filters(NULL, Array)
#3 C:\xampp\htdocs\echo-shop\wp-includes\plugin.php(476): WP_Hook->do_action(Array)
#4 C:\xampp\htdocs\echo-shop\wp-settings.php(461): do_action('plugins_loaded')
#5 C:\xampp\htdocs\echo-shop\wp-config.php(96): require_once('C:\\xampp\\htdocs...')
#6 C:\xampp\htdocs\echo-shop\wp-load.php(50): require_once('C:\\xampp\\htdocs...')
#7 C:\xampp\htdocs\echo-shop\wp-blog-header.php(13): require_once('C:\\xampp\\htdocs...')
#8 C:\xampp\htdocs\echo-shop\index.php(17): require('C:\\xampp\\htdocs...')
#9 {main}
  thrown in C:\xampp\htdocs\echo-shop\wp-content\plugins\facebook-for-woocommerce\facebook-for-woocommerce.php on line 142

2022-10-03T13:55:11+00:00 CRITICAL Uncaught Error: Failed opening required 'C:\xampp\htdocs\echo-shop\wp-content\plugins\facebook-for-woocommerce/vendor/skyverge/wc-plugin-framework/woocommerce/class-sv-wc-plugin.php' (include_path='C:\xampp\php\PEAR') in C:\xampp\htdocs\echo-shop\wp-content\plugins\facebook-for-woocommerce\facebook-for-woocommerce.php:142
Stack trace:
#0 C:\xampp\htdocs\echo-shop\wp-content\plugins\facebook-for-woocommerce\facebook-for-woocommerce.php(123): WC_Facebook_Loader->load_framework()
#1 C:\xampp\htdocs\echo-shop\wp-includes\class-wp-hook.php(307): WC_Facebook_Loader->init_plugin('')
#2 C:\xampp\htdocs\echo-shop\wp-includes\class-wp-hook.php(331): WP_Hook->apply_filters(NULL, Array)
#3 C:\xampp\htdocs\echo-shop\wp-includes\plugin.php(476): WP_Hook->do_action(Array)
#4 C:\xampp\htdocs\echo-shop\wp-settings.php(461): do_action('plugins_loaded')
#5 C:\xampp\htdocs\echo-shop\wp-config.php(96): require_once('C:\\xampp\\htdocs...')
#6 C:\xampp\htdocs\echo-shop\wp-load.php(50): require_once('C:\\xampp\\htdocs...')
#7 C:\xampp\htdocs\echo-shop\wp-blog-header.php(13): require_once('C:\\xampp\\htdocs...')
#8 C:\xampp\htdocs\echo-shop\index.php(17): require('C:\\xampp\\htdocs...')
#9 {main}
  thrown in C:\xampp\htdocs\echo-shop\wp-content\plugins\facebook-for-woocommerce\facebook-for-woocommerce.php on line 142

2022-10-03T13:55:11+00:00 CRITICAL Uncaught Error: Failed opening required 'C:\xampp\htdocs\echo-shop\wp-content\plugins\facebook-for-woocommerce/vendor/skyverge/wc-plugin-framework/woocommerce/class-sv-wc-plugin.php' (include_path='C:\xampp\php\PEAR') in C:\xampp\htdocs\echo-shop\wp-content\plugins\facebook-for-woocommerce\facebook-for-woocommerce.php:142
Stack trace:
#0 C:\xampp\htdocs\echo-shop\wp-content\plugins\facebook-for-woocommerce\facebook-for-woocommerce.php(123): WC_Facebook_Loader->load_framework()
#1 C:\xampp\htdocs\echo-shop\wp-includes\class-wp-hook.php(307): WC_Facebook_Loader->init_plugin('')
#2 C:\xampp\htdocs\echo-shop\wp-includes\class-wp-hook.php(331): WP_Hook->apply_filters(NULL, Array)
#3 C:\xampp\htdocs\echo-shop\wp-includes\plugin.php(476): WP_Hook->do_action(Array)
#4 C:\xampp\htdocs\echo-shop\wp-settings.php(461): do_action('plugins_loaded')
#5 C:\xampp\htdocs\echo-shop\wp-config.php(96): require_once('C:\\xampp\\htdocs...')
#6 C:\xampp\htdocs\echo-shop\wp-load.php(50): require_once('C:\\xampp\\htdocs...')
#7 C:\xampp\htdocs\echo-shop\wp-blog-header.php(13): require_once('C:\\xampp\\htdocs...')
#8 C:\xampp\htdocs\echo-shop\index.php(17): require('C:\\xampp\\htdocs...')
#9 {main}
  thrown in C:\xampp\htdocs\echo-shop\wp-content\plugins\facebook-for-woocommerce\facebook-for-woocommerce.php on line 142

2022-10-03T13:55:12+00:00 CRITICAL Uncaught Error: Failed opening required 'C:\xampp\htdocs\echo-shop\wp-content\plugins\facebook-for-woocommerce/vendor/skyverge/wc-plugin-framework/woocommerce/class-sv-wc-plugin.php' (include_path='C:\xampp\php\PEAR') in C:\xampp\htdocs\echo-shop\wp-content\plugins\facebook-for-woocommerce\facebook-for-woocommerce.php:142
Stack trace:
#0 C:\xampp\htdocs\echo-shop\wp-content\plugins\facebook-for-woocommerce\facebook-for-woocommerce.php(123): WC_Facebook_Loader->load_framework()
#1 C:\xampp\htdocs\echo-shop\wp-includes\class-wp-hook.php(307): WC_Facebook_Loader->init_plugin('')
#2 C:\xampp\htdocs\echo-shop\wp-includes\class-wp-hook.php(331): WP_Hook->apply_filters(NULL, Array)
#3 C:\xampp\htdocs\echo-shop\wp-includes\plugin.php(476): WP_Hook->do_action(Array)
#4 C:\xampp\htdocs\echo-shop\wp-settings.php(461): do_action('plugins_loaded')
#5 C:\xampp\htdocs\echo-shop\wp-config.php(96): require_once('C:\\xampp\\htdocs...')
#6 C:\xampp\htdocs\echo-shop\wp-load.php(50): require_once('C:\\xampp\\htdocs...')
#7 C:\xampp\htdocs\echo-shop\wp-blog-header.php(13): require_once('C:\\xampp\\htdocs...')
#8 C:\xampp\htdocs\echo-shop\index.php(17): require('C:\\xampp\\htdocs...')
#9 {main}
  thrown in C:\xampp\htdocs\echo-shop\wp-content\plugins\facebook-for-woocommerce\facebook-for-woocommerce.php on line 142

2022-10-03T13:55:15+00:00 CRITICAL Uncaught Error: Failed opening required 'C:\xampp\htdocs\echo-shop\wp-content\plugins\facebook-for-woocommerce/vendor/skyverge/wc-plugin-framework/woocommerce/class-sv-wc-plugin.php' (include_path='C:\xampp\php\PEAR') in C:\xampp\htdocs\echo-shop\wp-content\plugins\facebook-for-woocommerce\facebook-for-woocommerce.php:142
Stack trace:
#0 C:\xampp\htdocs\echo-shop\wp-content\plugins\facebook-for-woocommerce\facebook-for-woocommerce.php(123): WC_Facebook_Loader->load_framework()
#1 C:\xampp\htdocs\echo-shop\wp-includes\class-wp-hook.php(307): WC_Facebook_Loader->init_plugin('')
#2 C:\xampp\htdocs\echo-shop\wp-includes\class-wp-hook.php(331): WP_Hook->apply_filters(NULL, Array)
#3 C:\xampp\htdocs\echo-shop\wp-includes\plugin.php(476): WP_Hook->do_action(Array)
#4 C:\xampp\htdocs\echo-shop\wp-settings.php(461): do_action('plugins_loaded')
#5 C:\xampp\htdocs\echo-shop\wp-config.php(96): require_once('C:\\xampp\\htdocs...')
#6 C:\xampp\htdocs\echo-shop\wp-load.php(50): require_once('C:\\xampp\\htdocs...')
#7 C:\xampp\htdocs\echo-shop\wp-blog-header.php(13): require_once('C:\\xampp\\htdocs...')
#8 C:\xampp\htdocs\echo-shop\index.php(17): require('C:\\xampp\\htdocs...')
#9 {main}
  thrown in C:\xampp\htdocs\echo-shop\wp-content\plugins\facebook-for-woocommerce\facebook-for-woocommerce.php on line 142

2022-10-03T13:55:15+00:00 CRITICAL Uncaught Error: Failed opening required 'C:\xampp\htdocs\echo-shop\wp-content\plugins\facebook-for-woocommerce/vendor/skyverge/wc-plugin-framework/woocommerce/class-sv-wc-plugin.php' (include_path='C:\xampp\php\PEAR') in C:\xampp\htdocs\echo-shop\wp-content\plugins\facebook-for-woocommerce\facebook-for-woocommerce.php:142
Stack trace:
#0 C:\xampp\htdocs\echo-shop\wp-content\plugins\facebook-for-woocommerce\facebook-for-woocommerce.php(123): WC_Facebook_Loader->load_framework()
#1 C:\xampp\htdocs\echo-shop\wp-includes\class-wp-hook.php(307): WC_Facebook_Loader->init_plugin('')
#2 C:\xampp\htdocs\echo-shop\wp-includes\class-wp-hook.php(331): WP_Hook->apply_filters(NULL, Array)
#3 C:\xampp\htdocs\echo-shop\wp-includes\plugin.php(476): WP_Hook->do_action(Array)
#4 C:\xampp\htdocs\echo-shop\wp-settings.php(461): do_action('plugins_loaded')
#5 C:\xampp\htdocs\echo-shop\wp-config.php(96): require_once('C:\\xampp\\htdocs...')
#6 C:\xampp\htdocs\echo-shop\wp-load.php(50): require_once('C:\\xampp\\htdocs...')
#7 C:\xampp\htdocs\echo-shop\wp-blog-header.php(13): require_once('C:\\xampp\\htdocs...')
#8 C:\xampp\htdocs\echo-shop\index.php(17): require('C:\\xampp\\htdocs...')
#9 {main}
  thrown in C:\xampp\htdocs\echo-shop\wp-content\plugins\facebook-for-woocommerce\facebook-for-woocommerce.php on line 142

2022-10-03T13:55:15+00:00 CRITICAL Uncaught Error: Failed opening required 'C:\xampp\htdocs\echo-shop\wp-content\plugins\facebook-for-woocommerce/vendor/skyverge/wc-plugin-framework/woocommerce/class-sv-wc-plugin.php' (include_path='C:\xampp\php\PEAR') in C:\xampp\htdocs\echo-shop\wp-content\plugins\facebook-for-woocommerce\facebook-for-woocommerce.php:142
Stack trace:
#0 C:\xampp\htdocs\echo-shop\wp-content\plugins\facebook-for-woocommerce\facebook-for-woocommerce.php(123): WC_Facebook_Loader->load_framework()
#1 C:\xampp\htdocs\echo-shop\wp-includes\class-wp-hook.php(307): WC_Facebook_Loader->init_plugin('')
#2 C:\xampp\htdocs\echo-shop\wp-includes\class-wp-hook.php(331): WP_Hook->apply_filters(NULL, Array)
#3 C:\xampp\htdocs\echo-shop\wp-includes\plugin.php(476): WP_Hook->do_action(Array)
#4 C:\xampp\htdocs\echo-shop\wp-settings.php(461): do_action('plugins_loaded')
#5 C:\xampp\htdocs\echo-shop\wp-config.php(96): require_once('C:\\xampp\\htdocs...')
#6 C:\xampp\htdocs\echo-shop\wp-load.php(50): require_once('C:\\xampp\\htdocs...')
#7 C:\xampp\htdocs\echo-shop\wp-blog-header.php(13): require_once('C:\\xampp\\htdocs...')
#8 C:\xampp\htdocs\echo-shop\index.php(17): require('C:\\xampp\\htdocs...')
#9 {main}
  thrown in C:\xampp\htdocs\echo-shop\wp-content\plugins\facebook-for-woocommerce\facebook-for-woocommerce.php on line 142

2022-10-03T13:55:16+00:00 CRITICAL Uncaught Error: Failed opening required 'C:\xampp\htdocs\echo-shop\wp-content\plugins\facebook-for-woocommerce/vendor/skyverge/wc-plugin-framework/woocommerce/class-sv-wc-plugin.php' (include_path='C:\xampp\php\PEAR') in C:\xampp\htdocs\echo-shop\wp-content\plugins\facebook-for-woocommerce\facebook-for-woocommerce.php:142
Stack trace:
#0 C:\xampp\htdocs\echo-shop\wp-content\plugins\facebook-for-woocommerce\facebook-for-woocommerce.php(123): WC_Facebook_Loader->load_framework()
#1 C:\xampp\htdocs\echo-shop\wp-includes\class-wp-hook.php(307): WC_Facebook_Loader->init_plugin('')
#2 C:\xampp\htdocs\echo-shop\wp-includes\class-wp-hook.php(331): WP_Hook->apply_filters(NULL, Array)
#3 C:\xampp\htdocs\echo-shop\wp-includes\plugin.php(476): WP_Hook->do_action(Array)
#4 C:\xampp\htdocs\echo-shop\wp-settings.php(461): do_action('plugins_loaded')
#5 C:\xampp\htdocs\echo-shop\wp-config.php(96): require_once('C:\\xampp\\htdocs...')
#6 C:\xampp\htdocs\echo-shop\wp-load.php(50): require_once('C:\\xampp\\htdocs...')
#7 C:\xampp\htdocs\echo-shop\wp-blog-header.php(13): require_once('C:\\xampp\\htdocs...')
#8 C:\xampp\htdocs\echo-shop\index.php(17): require('C:\\xampp\\htdocs...')
#9 {main}
  thrown in C:\xampp\htdocs\echo-shop\wp-content\plugins\facebook-for-woocommerce\facebook-for-woocommerce.php on line 142

2022-10-03T13:55:16+00:00 CRITICAL Uncaught Error: Failed opening required 'C:\xampp\htdocs\echo-shop\wp-content\plugins\facebook-for-woocommerce/vendor/skyverge/wc-plugin-framework/woocommerce/class-sv-wc-plugin.php' (include_path='C:\xampp\php\PEAR') in C:\xampp\htdocs\echo-shop\wp-content\plugins\facebook-for-woocommerce\facebook-for-woocommerce.php:142
Stack trace:
#0 C:\xampp\htdocs\echo-shop\wp-content\plugins\facebook-for-woocommerce\facebook-for-woocommerce.php(123): WC_Facebook_Loader->load_framework()
#1 C:\xampp\htdocs\echo-shop\wp-includes\class-wp-hook.php(307): WC_Facebook_Loader->init_plugin('')
#2 C:\xampp\htdocs\echo-shop\wp-includes\class-wp-hook.php(331): WP_Hook->apply_filters(NULL, Array)
#3 C:\xampp\htdocs\echo-shop\wp-includes\plugin.php(476): WP_Hook->do_action(Array)
#4 C:\xampp\htdocs\echo-shop\wp-settings.php(461): do_action('plugins_loaded')
#5 C:\xampp\htdocs\echo-shop\wp-config.php(96): require_once('C:\\xampp\\htdocs...')
#6 C:\xampp\htdocs\echo-shop\wp-load.php(50): require_once('C:\\xampp\\htdocs...')
#7 C:\xampp\htdocs\echo-shop\wp-blog-header.php(13): require_once('C:\\xampp\\htdocs...')
#8 C:\xampp\htdocs\echo-shop\index.php(17): require('C:\\xampp\\htdocs...')
#9 {main}
  thrown in C:\xampp\htdocs\echo-shop\wp-content\plugins\facebook-for-woocommerce\facebook-for-woocommerce.php on line 142

2022-10-03T13:55:17+00:00 CRITICAL Uncaught Error: Failed opening required 'C:\xampp\htdocs\echo-shop\wp-content\plugins\facebook-for-woocommerce/vendor/skyverge/wc-plugin-framework/woocommerce/class-sv-wc-plugin.php' (include_path='C:\xampp\php\PEAR') in C:\xampp\htdocs\echo-shop\wp-content\plugins\facebook-for-woocommerce\facebook-for-woocommerce.php:142
Stack trace:
#0 C:\xampp\htdocs\echo-shop\wp-content\plugins\facebook-for-woocommerce\facebook-for-woocommerce.php(123): WC_Facebook_Loader->load_framework()
#1 C:\xampp\htdocs\echo-shop\wp-includes\class-wp-hook.php(307): WC_Facebook_Loader->init_plugin('')
#2 C:\xampp\htdocs\echo-shop\wp-includes\class-wp-hook.php(331): WP_Hook->apply_filters(NULL, Array)
#3 C:\xampp\htdocs\echo-shop\wp-includes\plugin.php(476): WP_Hook->do_action(Array)
#4 C:\xampp\htdocs\echo-shop\wp-settings.php(461): do_action('plugins_loaded')
#5 C:\xampp\htdocs\echo-shop\wp-config.php(96): require_once('C:\\xampp\\htdocs...')
#6 C:\xampp\htdocs\echo-shop\wp-load.php(50): require_once('C:\\xampp\\htdocs...')
#7 C:\xampp\htdocs\echo-shop\wp-blog-header.php(13): require_once('C:\\xampp\\htdocs...')
#8 C:\xampp\htdocs\echo-shop\index.php(17): require('C:\\xampp\\htdocs...')
#9 {main}
  thrown in C:\xampp\htdocs\echo-shop\wp-content\plugins\facebook-for-woocommerce\facebook-for-woocommerce.php on line 142

2022-10-03T13:55:18+00:00 CRITICAL Uncaught Error: Failed opening required 'C:\xampp\htdocs\echo-shop\wp-content\plugins\facebook-for-woocommerce/vendor/skyverge/wc-plugin-framework/woocommerce/class-sv-wc-plugin.php' (include_path='C:\xampp\php\PEAR') in C:\xampp\htdocs\echo-shop\wp-content\plugins\facebook-for-woocommerce\facebook-for-woocommerce.php:142
Stack trace:
#0 C:\xampp\htdocs\echo-shop\wp-content\plugins\facebook-for-woocommerce\facebook-for-woocommerce.php(123): WC_Facebook_Loader->load_framework()
#1 C:\xampp\htdocs\echo-shop\wp-includes\class-wp-hook.php(307): WC_Facebook_Loader->init_plugin('')
#2 C:\xampp\htdocs\echo-shop\wp-includes\class-wp-hook.php(331): WP_Hook->apply_filters(NULL, Array)
#3 C:\xampp\htdocs\echo-shop\wp-includes\plugin.php(476): WP_Hook->do_action(Array)
#4 C:\xampp\htdocs\echo-shop\wp-settings.php(461): do_action('plugins_loaded')
#5 C:\xampp\htdocs\echo-shop\wp-config.php(96): require_once('C:\\xampp\\htdocs...')
#6 C:\xampp\htdocs\echo-shop\wp-load.php(50): require_once('C:\\xampp\\htdocs...')
#7 C:\xampp\htdocs\echo-shop\wp-blog-header.php(13): require_once('C:\\xampp\\htdocs...')
#8 C:\xampp\htdocs\echo-shop\index.php(17): require('C:\\xampp\\htdocs...')
#9 {main}
  thrown in C:\xampp\htdocs\echo-shop\wp-content\plugins\facebook-for-woocommerce\facebook-for-woocommerce.php on line 142

2022-10-03T13:55:19+00:00 CRITICAL Uncaught Error: Failed opening required 'C:\xampp\htdocs\echo-shop\wp-content\plugins\facebook-for-woocommerce/vendor/skyverge/wc-plugin-framework/woocommerce/class-sv-wc-plugin.php' (include_path='C:\xampp\php\PEAR') in C:\xampp\htdocs\echo-shop\wp-content\plugins\facebook-for-woocommerce\facebook-for-woocommerce.php:142
Stack trace:
#0 C:\xampp\htdocs\echo-shop\wp-content\plugins\facebook-for-woocommerce\facebook-for-woocommerce.php(123): WC_Facebook_Loader->load_framework()
#1 C:\xampp\htdocs\echo-shop\wp-includes\class-wp-hook.php(307): WC_Facebook_Loader->init_plugin('')
#2 C:\xampp\htdocs\echo-shop\wp-includes\class-wp-hook.php(331): WP_Hook->apply_filters(NULL, Array)
#3 C:\xampp\htdocs\echo-shop\wp-includes\plugin.php(476): WP_Hook->do_action(Array)
#4 C:\xampp\htdocs\echo-shop\wp-settings.php(461): do_action('plugins_loaded')
#5 C:\xampp\htdocs\echo-shop\wp-config.php(96): require_once('C:\\xampp\\htdocs...')
#6 C:\xampp\htdocs\echo-shop\wp-load.php(50): require_once('C:\\xampp\\htdocs...')
#7 C:\xampp\htdocs\echo-shop\wp-blog-header.php(13): require_once('C:\\xampp\\htdocs...')
#8 C:\xampp\htdocs\echo-shop\index.php(17): require('C:\\xampp\\htdocs...')
#9 {main}
  thrown in C:\xampp\htdocs\echo-shop\wp-content\plugins\facebook-for-woocommerce\facebook-for-woocommerce.php on line 142

2022-10-03T13:55:19+00:00 CRITICAL Uncaught Error: Failed opening required 'C:\xampp\htdocs\echo-shop\wp-content\plugins\facebook-for-woocommerce/vendor/skyverge/wc-plugin-framework/woocommerce/class-sv-wc-plugin.php' (include_path='C:\xampp\php\PEAR') in C:\xampp\htdocs\echo-shop\wp-content\plugins\facebook-for-woocommerce\facebook-for-woocommerce.php:142
Stack trace:
#0 C:\xampp\htdocs\echo-shop\wp-content\plugins\facebook-for-woocommerce\facebook-for-woocommerce.php(123): WC_Facebook_Loader->load_framework()
#1 C:\xampp\htdocs\echo-shop\wp-includes\class-wp-hook.php(307): WC_Facebook_Loader->init_plugin('')
#2 C:\xampp\htdocs\echo-shop\wp-includes\class-wp-hook.php(331): WP_Hook->apply_filters(NULL, Array)
#3 C:\xampp\htdocs\echo-shop\wp-includes\plugin.php(476): WP_Hook->do_action(Array)
#4 C:\xampp\htdocs\echo-shop\wp-settings.php(461): do_action('plugins_loaded')
#5 C:\xampp\htdocs\echo-shop\wp-config.php(96): require_once('C:\\xampp\\htdocs...')
#6 C:\xampp\htdocs\echo-shop\wp-load.php(50): require_once('C:\\xampp\\htdocs...')
#7 C:\xampp\htdocs\echo-shop\wp-blog-header.php(13): require_once('C:\\xampp\\htdocs...')
#8 C:\xampp\htdocs\echo-shop\index.php(17): require('C:\\xampp\\htdocs...')
#9 {main}
  thrown in C:\xampp\htdocs\echo-shop\wp-content\plugins\facebook-for-woocommerce\facebook-for-woocommerce.php on line 142

2022-10-03T13:55:19+00:00 CRITICAL Uncaught Error: Failed opening required 'C:\xampp\htdocs\echo-shop\wp-content\plugins\facebook-for-woocommerce/vendor/skyverge/wc-plugin-framework/woocommerce/class-sv-wc-plugin.php' (include_path='C:\xampp\php\PEAR') in C:\xampp\htdocs\echo-shop\wp-content\plugins\facebook-for-woocommerce\facebook-for-woocommerce.php:142
Stack trace:
#0 C:\xampp\htdocs\echo-shop\wp-content\plugins\facebook-for-woocommerce\facebook-for-woocommerce.php(123): WC_Facebook_Loader->load_framework()
#1 C:\xampp\htdocs\echo-shop\wp-includes\class-wp-hook.php(307): WC_Facebook_Loader->init_plugin('')
#2 C:\xampp\htdocs\echo-shop\wp-includes\class-wp-hook.php(331): WP_Hook->apply_filters(NULL, Array)
#3 C:\xampp\htdocs\echo-shop\wp-includes\plugin.php(476): WP_Hook->do_action(Array)
#4 C:\xampp\htdocs\echo-shop\wp-settings.php(461): do_action('plugins_loaded')
#5 C:\xampp\htdocs\echo-shop\wp-config.php(96): require_once('C:\\xampp\\htdocs...')
#6 C:\xampp\htdocs\echo-shop\wp-load.php(50): require_once('C:\\xampp\\htdocs...')
#7 C:\xampp\htdocs\echo-shop\wp-blog-header.php(13): require_once('C:\\xampp\\htdocs...')
#8 C:\xampp\htdocs\echo-shop\index.php(17): require('C:\\xampp\\htdocs...')
#9 {main}
  thrown in C:\xampp\htdocs\echo-shop\wp-content\plugins\facebook-for-woocommerce\facebook-for-woocommerce.php on line 142

2022-10-03T13:55:24+00:00 CRITICAL Uncaught Error: Failed opening required 'C:\xampp\htdocs\echo-shop\wp-content\plugins\facebook-for-woocommerce/vendor/skyverge/wc-plugin-framework/woocommerce/class-sv-wc-plugin.php' (include_path='C:\xampp\php\PEAR') in C:\xampp\htdocs\echo-shop\wp-content\plugins\facebook-for-woocommerce\facebook-for-woocommerce.php:142
Stack trace:
#0 C:\xampp\htdocs\echo-shop\wp-content\plugins\facebook-for-woocommerce\facebook-for-woocommerce.php(123): WC_Facebook_Loader->load_framework()
#1 C:\xampp\htdocs\echo-shop\wp-includes\class-wp-hook.php(307): WC_Facebook_Loader->init_plugin('')
#2 C:\xampp\htdocs\echo-shop\wp-includes\class-wp-hook.php(331): WP_Hook->apply_filters(NULL, Array)
#3 C:\xampp\htdocs\echo-shop\wp-includes\plugin.php(476): WP_Hook->do_action(Array)
#4 C:\xampp\htdocs\echo-shop\wp-settings.php(461): do_action('plugins_loaded')
#5 C:\xampp\htdocs\echo-shop\wp-config.php(96): require_once('C:\\xampp\\htdocs...')
#6 C:\xampp\htdocs\echo-shop\wp-load.php(50): require_once('C:\\xampp\\htdocs...')
#7 C:\xampp\htdocs\echo-shop\wp-blog-header.php(13): require_once('C:\\xampp\\htdocs...')
#8 C:\xampp\htdocs\echo-shop\index.php(17): require('C:\\xampp\\htdocs...')
#9 {main}
  thrown in C:\xampp\htdocs\echo-shop\wp-content\plugins\facebook-for-woocommerce\facebook-for-woocommerce.php on line 142

2022-10-03T13:55:36+00:00 CRITICAL Uncaught Error: Failed opening required 'C:\xampp\htdocs\echo-shop\wp-content\plugins\facebook-for-woocommerce/vendor/skyverge/wc-plugin-framework/woocommerce/class-sv-wc-plugin.php' (include_path='C:\xampp\php\PEAR') in C:\xampp\htdocs\echo-shop\wp-content\plugins\facebook-for-woocommerce\facebook-for-woocommerce.php:142
Stack trace:
#0 C:\xampp\htdocs\echo-shop\wp-content\plugins\facebook-for-woocommerce\facebook-for-woocommerce.php(123): WC_Facebook_Loader->load_framework()
#1 C:\xampp\htdocs\echo-shop\wp-includes\class-wp-hook.php(307): WC_Facebook_Loader->init_plugin('')
#2 C:\xampp\htdocs\echo-shop\wp-includes\class-wp-hook.php(331): WP_Hook->apply_filters(NULL, Array)
#3 C:\xampp\htdocs\echo-shop\wp-includes\plugin.php(476): WP_Hook->do_action(Array)
#4 C:\xampp\htdocs\echo-shop\wp-settings.php(461): do_action('plugins_loaded')
#5 C:\xampp\htdocs\echo-shop\wp-config.php(96): require_once('C:\\xampp\\htdocs...')
#6 C:\xampp\htdocs\echo-shop\wp-load.php(50): require_once('C:\\xampp\\htdocs...')
#7 C:\xampp\htdocs\echo-shop\wp-admin\admin.php(34): require_once('C:\\xampp\\htdocs...')
#8 C:\xampp\htdocs\echo-shop\wp-admin\index.php(10): require_once('C:\\xampp\\htdocs...')
#9 {main}
  thrown in C:\xampp\htdocs\echo-shop\wp-content\plugins\facebook-for-woocommerce\facebook-for-woocommerce.php on line 142

