2022-10-15T10:49:24+00:00 CRITICAL Uncaught Error: Object of class WP_Query could not be converted to string in C:\xampp\htdocs\echo-shop\wp-content\themes\echo-shop\header.php:47
Stack trace:
#0 C:\xampp\htdocs\echo-shop\wp-includes\template.php(770): require_once()
#1 C:\xampp\htdocs\echo-shop\wp-includes\template.php(716): load_template('C:\\xampp\\htdocs...', true, Array)
#2 C:\xampp\htdocs\echo-shop\wp-includes\general-template.php(48): locate_template(Array, true, true, Array)
#3 C:\xampp\htdocs\echo-shop\wp-content\themes\echo-shop\front-page.php(16): get_header()
#4 C:\xampp\htdocs\echo-shop\wp-includes\template-loader.php(106): include('C:\\xampp\\htdocs...')
#5 C:\xampp\htdocs\echo-shop\wp-blog-header.php(19): require_once('C:\\xampp\\htdocs...')
#6 C:\xampp\htdocs\echo-shop\index.php(17): require('C:\\xampp\\htdocs...')
#7 {main}
  thrown in C:\xampp\htdocs\echo-shop\wp-content\themes\echo-shop\header.php on line 47

2022-10-15T10:58:06+00:00 CRITICAL Uncaught Error: Object of class WP_Query could not be converted to string in C:\xampp\htdocs\echo-shop\wp-content\themes\echo-shop\header.php:47
Stack trace:
#0 C:\xampp\htdocs\echo-shop\wp-includes\template.php(770): require_once()
#1 C:\xampp\htdocs\echo-shop\wp-includes\template.php(716): load_template('C:\\xampp\\htdocs...', true, Array)
#2 C:\xampp\htdocs\echo-shop\wp-includes\general-template.php(48): locate_template(Array, true, true, Array)
#3 C:\xampp\htdocs\echo-shop\wp-content\themes\echo-shop\front-page.php(16): get_header()
#4 C:\xampp\htdocs\echo-shop\wp-includes\template-loader.php(106): include('C:\\xampp\\htdocs...')
#5 C:\xampp\htdocs\echo-shop\wp-blog-header.php(19): require_once('C:\\xampp\\htdocs...')
#6 C:\xampp\htdocs\echo-shop\index.php(17): require('C:\\xampp\\htdocs...')
#7 {main}
  thrown in C:\xampp\htdocs\echo-shop\wp-content\themes\echo-shop\header.php on line 47

2022-10-15T10:58:11+00:00 CRITICAL Uncaught Error: Object of class WP_Query could not be converted to string in C:\xampp\htdocs\echo-shop\wp-content\themes\echo-shop\header.php:47
Stack trace:
#0 C:\xampp\htdocs\echo-shop\wp-includes\template.php(770): require_once()
#1 C:\xampp\htdocs\echo-shop\wp-includes\template.php(716): load_template('C:\\xampp\\htdocs...', true, Array)
#2 C:\xampp\htdocs\echo-shop\wp-includes\general-template.php(48): locate_template(Array, true, true, Array)
#3 C:\xampp\htdocs\echo-shop\wp-content\themes\echo-shop\front-page.php(16): get_header()
#4 C:\xampp\htdocs\echo-shop\wp-includes\template-loader.php(106): include('C:\\xampp\\htdocs...')
#5 C:\xampp\htdocs\echo-shop\wp-blog-header.php(19): require_once('C:\\xampp\\htdocs...')
#6 C:\xampp\htdocs\echo-shop\index.php(17): require('C:\\xampp\\htdocs...')
#7 {main}
  thrown in C:\xampp\htdocs\echo-shop\wp-content\themes\echo-shop\header.php on line 47

