2022-10-23T10:22:09+00:00 CRITICAL Uncaught Error: Call to undefined function aws_get_search_form() in C:\xampp\htdocs\echo-shop\wp-content\themes\echo-shop\header.php:134
Stack trace:
#0 C:\xampp\htdocs\echo-shop\wp-includes\template.php(770): require_once()
#1 C:\xampp\htdocs\echo-shop\wp-includes\template.php(716): load_template('C:\\xampp\\htdocs...', true, Array)
#2 C:\xampp\htdocs\echo-shop\wp-includes\general-template.php(48): locate_template(Array, true, true, Array)
#3 C:\xampp\htdocs\echo-shop\wp-content\themes\echo-shop\page.php(15): get_header()
#4 C:\xampp\htdocs\echo-shop\wp-includes\template-loader.php(106): include('C:\\xampp\\htdocs...')
#5 C:\xampp\htdocs\echo-shop\wp-blog-header.php(19): require_once('C:\\xampp\\htdocs...')
#6 C:\xampp\htdocs\echo-shop\index.php(17): require('C:\\xampp\\htdocs...')
#7 {main}
  thrown in C:\xampp\htdocs\echo-shop\wp-content\themes\echo-shop\header.php on line 134

2022-10-23T10:22:52+00:00 CRITICAL Uncaught Error: Call to undefined function aws_get_search_form() in C:\xampp\htdocs\echo-shop\wp-content\themes\echo-shop\header.php:134
Stack trace:
#0 C:\xampp\htdocs\echo-shop\wp-includes\template.php(770): require_once()
#1 C:\xampp\htdocs\echo-shop\wp-includes\template.php(716): load_template('C:\\xampp\\htdocs...', true, Array)
#2 C:\xampp\htdocs\echo-shop\wp-includes\general-template.php(48): locate_template(Array, true, true, Array)
#3 C:\xampp\htdocs\echo-shop\wp-content\themes\echo-shop\page.php(15): get_header()
#4 C:\xampp\htdocs\echo-shop\wp-includes\template-loader.php(106): include('C:\\xampp\\htdocs...')
#5 C:\xampp\htdocs\echo-shop\wp-blog-header.php(19): require_once('C:\\xampp\\htdocs...')
#6 C:\xampp\htdocs\echo-shop\index.php(17): require('C:\\xampp\\htdocs...')
#7 {main}
  thrown in C:\xampp\htdocs\echo-shop\wp-content\themes\echo-shop\header.php on line 134

2022-10-23T10:23:10+00:00 CRITICAL Uncaught Error: Call to undefined function aws_get_search_form() in C:\xampp\htdocs\echo-shop\wp-content\themes\echo-shop\header.php:134
Stack trace:
#0 C:\xampp\htdocs\echo-shop\wp-includes\template.php(770): require_once()
#1 C:\xampp\htdocs\echo-shop\wp-includes\template.php(716): load_template('C:\\xampp\\htdocs...', true, Array)
#2 C:\xampp\htdocs\echo-shop\wp-includes\general-template.php(48): locate_template(Array, true, true, Array)
#3 C:\xampp\htdocs\echo-shop\wp-content\themes\echo-shop\page.php(15): get_header()
#4 C:\xampp\htdocs\echo-shop\wp-includes\template-loader.php(106): include('C:\\xampp\\htdocs...')
#5 C:\xampp\htdocs\echo-shop\wp-blog-header.php(19): require_once('C:\\xampp\\htdocs...')
#6 C:\xampp\htdocs\echo-shop\index.php(17): require('C:\\xampp\\htdocs...')
#7 {main}
  thrown in C:\xampp\htdocs\echo-shop\wp-content\themes\echo-shop\header.php on line 134

2022-10-23T10:23:32+00:00 CRITICAL Uncaught Error: Call to undefined function aws_get_search_form() in C:\xampp\htdocs\echo-shop\wp-content\themes\echo-shop\header.php:134
Stack trace:
#0 C:\xampp\htdocs\echo-shop\wp-includes\template.php(770): require_once()
#1 C:\xampp\htdocs\echo-shop\wp-includes\template.php(716): load_template('C:\\xampp\\htdocs...', true, Array)
#2 C:\xampp\htdocs\echo-shop\wp-includes\general-template.php(48): locate_template(Array, true, true, Array)
#3 C:\xampp\htdocs\echo-shop\wp-content\themes\echo-shop\404.php(10): get_header()
#4 C:\xampp\htdocs\echo-shop\wp-includes\template-loader.php(106): include('C:\\xampp\\htdocs...')
#5 C:\xampp\htdocs\echo-shop\wp-blog-header.php(19): require_once('C:\\xampp\\htdocs...')
#6 C:\xampp\htdocs\echo-shop\index.php(17): require('C:\\xampp\\htdocs...')
#7 {main}
  thrown in C:\xampp\htdocs\echo-shop\wp-content\themes\echo-shop\header.php on line 134

2022-10-23T16:25:34+00:00 CRITICAL syntax error, unexpected end of file in C:\xampp\htdocs\echo-shop\wp-content\themes\echo-shop\header.php on line 226

